<?xml version="1.0" encoding="UTF-8"?>
<!-- Generated by org.testng.reporters.JUnitReportReporter -->
<testsuite hostname="lin81002596" failures="0" tests="1" name="package_1.Day2" time="5.379" errors="0" timestamp="2023-11-06T15:50:42 IST" skipped="0">
  <testcase classname="package_1.Day2" name="getHeaders" time="5.379"/>
  <system-out/>
</testsuite> <!-- package_1.Day2 -->
