<?xml version="1.0" encoding="UTF-8"?>
<!-- Generated by org.testng.reporters.JUnitReportReporter -->
<testsuite hostname="lin81002596" failures="0" tests="1" name="package_1.Getmethod" time="7.454" errors="0" timestamp="2023-10-31T16:18:31 IST" skipped="0">
  <testcase classname="package_1.Getmethod" name="getRequest" time="7.454"/>
  <system-out/>
</testsuite> <!-- package_1.Getmethod -->
