<?xml version="1.0" encoding="UTF-8"?>
<!-- Generated by org.testng.reporters.JUnitReportReporter -->
<testsuite hostname="lin81002596" failures="0" tests="1" name="package_1.Day1" time="5.903" errors="0" timestamp="2023-11-03T11:21:28 IST" skipped="0">
  <testcase classname="package_1.Day1" name="createUserUsingExternalFile" time="5.903"/>
  <system-out/>
</testsuite> <!-- package_1.Day1 -->
