<?xml version="1.0" encoding="UTF-8"?>
<!-- Generated by org.testng.reporters.JUnitReportReporter -->
<testsuite hostname="lin81002596" failures="0" tests="4" name="package_1.HttpRequest" time="13.151" errors="0" timestamp="2023-11-02T13:41:02 IST" skipped="0">
  <testcase classname="package_1.HttpRequest" name="getUsers" time="8.865"/>
  <system-out/>
  <testcase classname="package_1.HttpRequest" name="createUser" time="2.321"/>
  <system-out/>
  <testcase classname="package_1.HttpRequest" name="updateUser" time="0.844"/>
  <system-out/>
  <testcase classname="package_1.HttpRequest" name="deleteUser" time="1.121"/>
  <system-out/>
</testsuite> <!-- package_1.HttpRequest -->
